2023-Aug-11 19:54:06:546	info:	Connected to private database
2023-Aug-11 19:54:06:546	info:	Panda-Server is running on port 8080
2023-Aug-11 19:58:44:5844	http:	::ffff:127.0.0.1 POST /auth/login 500 1463 - 16.791 ms

2023-Aug-11 19:59:12:5912	info:	Connected to private database
2023-Aug-11 19:59:12:5912	info:	Panda-Server is running on port 8080
2023-Aug-11 19:59:56:5956	info:	Connected to private database
2023-Aug-11 19:59:56:5956	info:	Panda-Server is running on port 8080
2023-Aug-11 19:59:58:5958	http:	::ffff:127.0.0.1 POST /auth/sign-up 500 52 - 89.934 ms

2023-Aug-11 20:00:04:04	http:	::ffff:127.0.0.1 POST /auth/login 500 1464 - 3.207 ms

2023-Aug-11 20:00:45:045	http:	::ffff:127.0.0.1 POST /auth/login 500 1464 - 1.848 ms

2023-Aug-11 20:00:46:046	http:	::ffff:127.0.0.1 POST /auth/login 500 1464 - 1.114 ms

2023-Aug-11 20:01:02:12	http:	::ffff:127.0.0.1 POST /auth/login 500 1464 - 0.897 ms

2023-Aug-11 20:01:03:13	http:	::ffff:127.0.0.1 POST /auth/login 500 1464 - 0.990 ms

2023-Aug-11 20:01:16:116	info:	Connected to private database
2023-Aug-11 20:01:16:116	info:	Panda-Server is running on port 8080
2023-Aug-11 20:01:22:122	http:	::ffff:127.0.0.1 POST /auth/login 500 1464 - 17.928 ms

2023-Aug-11 20:01:56:156	info:	Connected to private database
2023-Aug-11 20:01:56:156	info:	Panda-Server is running on port 8080
2023-Aug-11 20:02:02:22	info:	Connected to private database
2023-Aug-11 20:02:02:22	info:	Panda-Server is running on port 8080
2023-Aug-11 20:02:02:22	http:	::ffff:127.0.0.1 POST /auth/login 500 1426 - 17.836 ms

2023-Aug-11 20:02:15:215	info:	Connected to private database
2023-Aug-11 20:02:15:215	info:	Panda-Server is running on port 8080
2023-Aug-11 20:02:28:228	info:	Connected to private database
2023-Aug-11 20:02:28:228	info:	Panda-Server is running on port 8080
2023-Aug-11 20:02:28:228	http:	::ffff:127.0.0.1 POST /auth/login 500 1426 - 19.041 ms

2023-Aug-11 20:02:37:237	info:	Connected to private database
2023-Aug-11 20:02:37:237	info:	Panda-Server is running on port 8080
2023-Aug-11 20:02:41:241	http:	::ffff:127.0.0.1 POST /auth/login 500 1426 - 123.369 ms

2023-Aug-11 20:10:59:1059	info:	Connected to private database
2023-Aug-11 20:10:59:1059	info:	Panda-Server is running on port 8080
2023-Aug-11 20:12:10:1210	http:	::ffff:127.0.0.1 POST /auth/login 500 1464 - 18.611 ms

2023-Aug-11 20:12:25:1225	http:	::ffff:127.0.0.1 POST /auth/login 500 1464 - 2.299 ms

2023-Aug-11 20:12:56:1256	info:	Connected to private database
2023-Aug-11 20:12:56:1256	info:	Panda-Server is running on port 8080
2023-Aug-11 20:12:58:1258	info:	Tokens stored in database. accessToken: {
  userId: 'aa848037-41ad-49ce-b9d3-789ac1746f51',
  token: 'eyJhbGciOiJIUzI1NiIsInR5cCI6IkpXVCJ9.eyJzdWIiOiJhYTg0ODAzNy00MWFkLTQ5Y2UtYjlkMy03ODlhYzE3NDZmNTEiLCJpYXQiOjE2OTE3Nzc1NzgsImV4cCI6MTY5MTc4MTE3OH0.CtbvA0a5fwUlyuWTgYCi270flWVVWs2Qr33IJomMCPs',
  createdAt: 2023-08-11T18:12:55.306Z,
  _id: new ObjectId("64d67a2a23507de69f948db8"),
  expiresAt: 2023-08-11T19:12:58.611Z,
  __v: 0
} - refreshToken: {
  userId: 'aa848037-41ad-49ce-b9d3-789ac1746f51',
  token: 'eyJhbGciOiJIUzI1NiIsInR5cCI6IkpXVCJ9.eyJzdWIiOiJhYTg0ODAzNy00MWFkLTQ5Y2UtYjlkMy03ODlhYzE3NDZmNTEiLCJpYXQiOjE2OTE3Nzc1NzgsImV4cCI6MTY5MjM4MjM3OH0.0t0BwcR7FOz92aGrUjc9P8sG84V-hdhwLkdxgc_NUec',
  createdAt: 2023-08-11T18:12:55.325Z,
  _id: new ObjectId("64d67a2a23507de69f948db9"),
  expiresAt: 2023-08-18T18:12:58.613Z,
  __v: 0
}
2023-Aug-11 20:12:58:1258	http:	::ffff:127.0.0.1 POST /auth/login 200 535 - 315.428 ms

2023-Aug-11 20:13:09:139	info:	Tokens stored in database. accessToken: {
  userId: 'aa848037-41ad-49ce-b9d3-789ac1746f51',
  token: 'eyJhbGciOiJIUzI1NiIsInR5cCI6IkpXVCJ9.eyJzdWIiOiJhYTg0ODAzNy00MWFkLTQ5Y2UtYjlkMy03ODlhYzE3NDZmNTEiLCJpYXQiOjE2OTE3Nzc1ODksImV4cCI6MTY5MTc4MTE4OX0.nXpoJV3U7VOBml9ObgJQgSJGn79f6PbRo6QyJyXNEIA',
  createdAt: 2023-08-11T18:12:55.306Z,
  _id: new ObjectId("64d67a3523507de69f948dbd"),
  expiresAt: 2023-08-11T19:13:09.256Z,
  __v: 0
} - refreshToken: {
  userId: 'aa848037-41ad-49ce-b9d3-789ac1746f51',
  token: 'eyJhbGciOiJIUzI1NiIsInR5cCI6IkpXVCJ9.eyJzdWIiOiJhYTg0ODAzNy00MWFkLTQ5Y2UtYjlkMy03ODlhYzE3NDZmNTEiLCJpYXQiOjE2OTE3Nzc1ODksImV4cCI6MTY5MjM4MjM4OX0.ZorNuxILHFv04HFD15vvARvThbEr7Qz1WdhvG8Ypf98',
  createdAt: 2023-08-11T18:12:55.325Z,
  _id: new ObjectId("64d67a3523507de69f948dbe"),
  expiresAt: 2023-08-18T18:13:09.256Z,
  __v: 0
}
2023-Aug-11 20:13:09:139	http:	::ffff:127.0.0.1 POST /auth/login 200 535 - 332.682 ms

2023-Aug-11 20:13:26:1326	info:	Connected to private database
2023-Aug-11 20:13:26:1326	info:	Panda-Server is running on port 8080
2023-Aug-11 20:13:30:1330	info:	Tokens stored in database. accessToken: {
  userId: 'aa848037-41ad-49ce-b9d3-789ac1746f51',
  token: 'eyJhbGciOiJIUzI1NiIsInR5cCI6IkpXVCJ9.eyJzdWIiOiJhYTg0ODAzNy00MWFkLTQ5Y2UtYjlkMy03ODlhYzE3NDZmNTEiLCJpYXQiOjE2OTE3Nzc2MTAsImV4cCI6MTY5MTc4MTIxMH0.ku0x1FPtCO-XILb50Z-kRS25o7EjuVolG27JWSXHRT8',
  createdAt: 2023-08-11T18:13:24.685Z,
  _id: new ObjectId("64d67a4ad44c0630fd191503"),
  expiresAt: 2023-08-11T19:13:30.495Z,
  __v: 0
} - refreshToken: {
  userId: 'aa848037-41ad-49ce-b9d3-789ac1746f51',
  token: 'eyJhbGciOiJIUzI1NiIsInR5cCI6IkpXVCJ9.eyJzdWIiOiJhYTg0ODAzNy00MWFkLTQ5Y2UtYjlkMy03ODlhYzE3NDZmNTEiLCJpYXQiOjE2OTE3Nzc2MTAsImV4cCI6MTY5MjM4MjQxMH0.RbyvFhIDIlPXHb8riwU5y6gOBdrt8sXqy5j45F5SGnk',
  createdAt: 2023-08-11T18:13:24.704Z,
  _id: new ObjectId("64d67a4ad44c0630fd191504"),
  expiresAt: 2023-08-18T18:13:30.498Z,
  __v: 0
}
2023-Aug-11 20:13:30:1330	http:	::ffff:127.0.0.1 POST /auth/login 200 535 - 359.479 ms

2023-Aug-11 20:14:35:1435	http:	::ffff:127.0.0.1 POST /auth/sign-up 500 52 - 79.703 ms

2023-Aug-11 20:15:17:1517	info:	Tokens stored in database. accessToken: {
  userId: 'aa848037-41ad-49ce-b9d3-789ac1746f51',
  token: 'eyJhbGciOiJIUzI1NiIsInR5cCI6IkpXVCJ9.eyJzdWIiOiJhYTg0ODAzNy00MWFkLTQ5Y2UtYjlkMy03ODlhYzE3NDZmNTEiLCJpYXQiOjE2OTE3Nzc3MTcsImV4cCI6MTY5MTc4MTMxN30.J72ZRqbeOupYiuXksY1yhL54kt3yw7uh0CiV4GAo908',
  createdAt: 2023-08-11T18:13:24.685Z,
  _id: new ObjectId("64d67ab5d44c0630fd191509"),
  expiresAt: 2023-08-11T19:15:17.426Z,
  __v: 0
} - refreshToken: {
  userId: 'aa848037-41ad-49ce-b9d3-789ac1746f51',
  token: 'eyJhbGciOiJIUzI1NiIsInR5cCI6IkpXVCJ9.eyJzdWIiOiJhYTg0ODAzNy00MWFkLTQ5Y2UtYjlkMy03ODlhYzE3NDZmNTEiLCJpYXQiOjE2OTE3Nzc3MTcsImV4cCI6MTY5MjM4MjUxN30.iC9SolTUWT1eCCHztGMR7pbAVTiM1Lho6ZD8bONHZIk',
  createdAt: 2023-08-11T18:13:24.704Z,
  _id: new ObjectId("64d67ab5d44c0630fd19150a"),
  expiresAt: 2023-08-18T18:15:17.426Z,
  __v: 0
}
2023-Aug-11 20:15:17:1517	http:	::ffff:127.0.0.1 POST /auth/login 200 535 - 305.482 ms

2023-Aug-11 20:15:38:1538	info:	Tokens stored in database. accessToken: {
  userId: 'aa848037-41ad-49ce-b9d3-789ac1746f51',
  token: 'eyJhbGciOiJIUzI1NiIsInR5cCI6IkpXVCJ9.eyJzdWIiOiJhYTg0ODAzNy00MWFkLTQ5Y2UtYjlkMy03ODlhYzE3NDZmNTEiLCJpYXQiOjE2OTE3Nzc3MzgsImV4cCI6MTY5MTc4MTMzOH0.ShjSJiVKEl9DUZVFcx6Zt6LgT2rA3PcpAwuU4aSYlxc',
  createdAt: 2023-08-11T18:13:24.685Z,
  _id: new ObjectId("64d67acad44c0630fd19150e"),
  expiresAt: 2023-08-11T19:15:38.435Z,
  __v: 0
} - refreshToken: {
  userId: 'aa848037-41ad-49ce-b9d3-789ac1746f51',
  token: 'eyJhbGciOiJIUzI1NiIsInR5cCI6IkpXVCJ9.eyJzdWIiOiJhYTg0ODAzNy00MWFkLTQ5Y2UtYjlkMy03ODlhYzE3NDZmNTEiLCJpYXQiOjE2OTE3Nzc3MzgsImV4cCI6MTY5MjM4MjUzOH0.FmnEUSuyd1swsW69hSvLPkLRF_cqvGOFu0CzW9TBDMg',
  createdAt: 2023-08-11T18:13:24.704Z,
  _id: new ObjectId("64d67acad44c0630fd19150f"),
  expiresAt: 2023-08-18T18:15:38.435Z,
  __v: 0
}
2023-Aug-11 20:15:38:1538	http:	::ffff:127.0.0.1 POST /auth/login 200 535 - 289.823 ms

2023-Aug-11 20:20:19:2019	info:	Connected to private database
2023-Aug-11 20:20:19:2019	info:	Panda-Server is running on port 8080
2023-Aug-11 20:20:35:2035	info:	Tokens stored in database. accessToken: {
  userId: 'aa848037-41ad-49ce-b9d3-789ac1746f51',
  token: 'eyJhbGciOiJIUzI1NiIsInR5cCI6IkpXVCJ9.eyJzdWIiOiJhYTg0ODAzNy00MWFkLTQ5Y2UtYjlkMy03ODlhYzE3NDZmNTEiLCJpYXQiOjE2OTE3NzgwMzQsImV4cCI6MTY5MTc4MTYzNH0.Ynv4WAPVZqEoryzXarupxtUuopnGxnjCB5wnx4NXIB4',
  createdAt: 2023-08-11T18:20:17.975Z,
  _id: new ObjectId("64d67bf2c67d61a64616fa1d"),
  expiresAt: 2023-08-11T19:20:34.870Z,
  __v: 0
} - refreshToken: {
  userId: 'aa848037-41ad-49ce-b9d3-789ac1746f51',
  token: 'eyJhbGciOiJIUzI1NiIsInR5cCI6IkpXVCJ9.eyJzdWIiOiJhYTg0ODAzNy00MWFkLTQ5Y2UtYjlkMy03ODlhYzE3NDZmNTEiLCJpYXQiOjE2OTE3NzgwMzQsImV4cCI6MTY5MjM4MjgzNH0.FI3kkdgUp1DgFI_iPoDkbc9vfqGwKlJTp2j9XEWvYgU',
  createdAt: 2023-08-11T18:20:17.996Z,
  _id: new ObjectId("64d67bf2c67d61a64616fa1e"),
  expiresAt: 2023-08-18T18:20:34.871Z,
  __v: 0
}
2023-Aug-11 20:20:35:2035	http:	::ffff:127.0.0.1 POST /auth/login 200 535 - 590.236 ms

2023-Aug-11 20:20:57:2057	info:	Connected to private database
2023-Aug-11 20:20:57:2057	info:	Panda-Server is running on port 8080
2023-Aug-11 20:20:58:2058	info:	Tokens stored in database. accessToken: {
  userId: 'aa848037-41ad-49ce-b9d3-789ac1746f51',
  token: 'eyJhbGciOiJIUzI1NiIsInR5cCI6IkpXVCJ9.eyJzdWIiOiJhYTg0ODAzNy00MWFkLTQ5Y2UtYjlkMy03ODlhYzE3NDZmNTEiLCJpYXQiOjE2OTE3NzgwNTgsImV4cCI6MTY5MTc4MTY1OH0.KeXk3SdE1pLidHDzd-8PH5tMUeagX9X0LB1ogMYXlp8',
  createdAt: 2023-08-11T18:20:56.053Z,
  _id: new ObjectId("64d67c0a55458e7e4d78bf7b"),
  expiresAt: 2023-08-11T19:20:58.372Z,
  __v: 0
} - refreshToken: {
  userId: 'aa848037-41ad-49ce-b9d3-789ac1746f51',
  token: 'eyJhbGciOiJIUzI1NiIsInR5cCI6IkpXVCJ9.eyJzdWIiOiJhYTg0ODAzNy00MWFkLTQ5Y2UtYjlkMy03ODlhYzE3NDZmNTEiLCJpYXQiOjE2OTE3NzgwNTgsImV4cCI6MTY5MjM4Mjg1OH0.fTw92hSoARlQCMKsXzbsiMfDOJH05_R_ubyEJ7IHVUU',
  createdAt: 2023-08-11T18:20:56.073Z,
  _id: new ObjectId("64d67c0a55458e7e4d78bf7c"),
  expiresAt: 2023-08-18T18:20:58.374Z,
  __v: 0
}
2023-Aug-11 20:20:58:2058	http:	::ffff:127.0.0.1 POST /auth/login 200 535 - 398.261 ms

2023-Aug-11 20:21:25:2125	http:	::ffff:127.0.0.1 POST /auth/login 400 51 - 3.246 ms

2023-Aug-11 20:21:39:2139	http:	::ffff:127.0.0.1 POST /auth/login 400 51 - 2.422 ms

2023-Aug-11 20:21:40:2140	http:	::ffff:127.0.0.1 POST /auth/login 400 51 - 1.851 ms

2023-Aug-11 22:16:02:162	info:	Connected to private database
2023-Aug-11 22:16:02:162	info:	Panda-Server is running on port 8080
2023-Aug-11 22:16:08:168	info:	Tokens stored in database. accessToken: {
  userId: 'aa848037-41ad-49ce-b9d3-789ac1746f51',
  token: 'eyJhbGciOiJIUzI1NiIsInR5cCI6IkpXVCJ9.eyJzdWIiOiJhYTg0ODAzNy00MWFkLTQ5Y2UtYjlkMy03ODlhYzE3NDZmNTEiLCJpYXQiOjE2OTE3ODQ5NjgsImV4cCI6MTY5MTc4ODU2OH0._W3-bTYRCf3gOqvFky3jNydnoZ2BZ_BXFJvlVMFVoyk',
  createdAt: 2023-08-11T20:16:01.495Z,
  _id: new ObjectId("64d697082a71f7c582c2f36b"),
  expiresAt: 2023-08-11T21:16:08.066Z,
  __v: 0
} - refreshToken: {
  userId: 'aa848037-41ad-49ce-b9d3-789ac1746f51',
  token: 'eyJhbGciOiJIUzI1NiIsInR5cCI6IkpXVCJ9.eyJzdWIiOiJhYTg0ODAzNy00MWFkLTQ5Y2UtYjlkMy03ODlhYzE3NDZmNTEiLCJpYXQiOjE2OTE3ODQ5NjgsImV4cCI6MTY5MjM4OTc2OH0.d_kMP3cbB55eyNKiR0zrnDPOiYK5CUZ0Bj7YiEJ4Fcs',
  createdAt: 2023-08-11T20:16:01.516Z,
  _id: new ObjectId("64d697082a71f7c582c2f36c"),
  expiresAt: 2023-08-18T20:16:08.069Z,
  __v: 0
}
2023-Aug-11 22:16:08:168	http:	::ffff:127.0.0.1 POST /auth/login 200 535 - 340.761 ms

2023-Aug-11 22:16:15:1615	info:	Tokens stored in database. accessToken: {
  userId: 'aa848037-41ad-49ce-b9d3-789ac1746f51',
  token: 'eyJhbGciOiJIUzI1NiIsInR5cCI6IkpXVCJ9.eyJzdWIiOiJhYTg0ODAzNy00MWFkLTQ5Y2UtYjlkMy03ODlhYzE3NDZmNTEiLCJpYXQiOjE2OTE3ODQ5NzUsImV4cCI6MTY5MTc4ODU3NX0.fZblfyLiCZVVmTT0Ogv-Qbb8Vyv_piYS9SkFBpj6cdc',
  createdAt: 2023-08-11T20:16:01.495Z,
  _id: new ObjectId("64d6970f2a71f7c582c2f370"),
  expiresAt: 2023-08-11T21:16:15.262Z,
  __v: 0
} - refreshToken: {
  userId: 'aa848037-41ad-49ce-b9d3-789ac1746f51',
  token: 'eyJhbGciOiJIUzI1NiIsInR5cCI6IkpXVCJ9.eyJzdWIiOiJhYTg0ODAzNy00MWFkLTQ5Y2UtYjlkMy03ODlhYzE3NDZmNTEiLCJpYXQiOjE2OTE3ODQ5NzUsImV4cCI6MTY5MjM4OTc3NX0.8DHXNbkPoqktq_apMFsV6RpA5oMJfEiw7sEZy6b5B9k',
  createdAt: 2023-08-11T20:16:01.516Z,
  _id: new ObjectId("64d6970f2a71f7c582c2f371"),
  expiresAt: 2023-08-18T20:16:15.262Z,
  __v: 0
}
2023-Aug-11 22:16:15:1615	http:	::ffff:127.0.0.1 POST /auth/login 200 535 - 299.227 ms

2023-Aug-11 22:16:41:1641	http:	::ffff:127.0.0.1 POST /auth/login 400 51 - 2.200 ms

2023-Aug-11 22:17:01:171	http:	::ffff:127.0.0.1 POST /auth/login 400 51 - 167.809 ms

2023-Aug-11 22:17:15:1715	http:	::ffff:127.0.0.1 POST /auth/login 400 51 - 153.244 ms

2023-Aug-11 22:17:24:1724	http:	::ffff:127.0.0.1 POST /auth/login 400 51 - 151.678 ms

2023-Aug-11 22:17:50:1750	info:	Connected to private database
2023-Aug-11 22:17:50:1750	info:	Panda-Server is running on port 8080
2023-Aug-11 22:23:19:2319	info:	Connected to private database
2023-Aug-11 22:23:19:2319	info:	Panda-Server is running on port 8080
2023-Aug-11 22:24:21:2421	info:	Connected to private database
2023-Aug-11 22:24:21:2421	info:	Panda-Server is running on port 8080
2023-Aug-11 22:24:58:2458	info:	Connected to private database
2023-Aug-11 22:24:58:2458	info:	Panda-Server is running on port 8080
2023-Aug-11 22:25:01:251	http:	::ffff:127.0.0.1 POST /auth/login 400 51 - 185.941 ms

2023-Aug-11 22:25:14:2514	http:	::ffff:127.0.0.1 POST /auth/login 400 51 - 265.614 ms

2023-Aug-11 22:25:32:2532	info:	Refresh token stored in database. refreshToken: {
  userId: 'aa848037-41ad-49ce-b9d3-789ac1746f51',
  token: 'eyJhbGciOiJIUzI1NiIsInR5cCI6IkpXVCJ9.eyJzdWIiOiJhYTg0ODAzNy00MWFkLTQ5Y2UtYjlkMy03ODlhYzE3NDZmNTEiLCJpYXQiOjE2OTE3ODU1MzEsImV4cCI6MTY5MjM5MDMzMX0.dGeBeaQNKxoq0hjViM15qaUnFrZEmPFnT1OQejzrwR4',
  createdAt: 2023-08-11T20:24:57.323Z,
  _id: new ObjectId("64d6993b8fa9dd689ebeeb01"),
  expiresAt: 2023-08-18T20:25:31.948Z,
  __v: 0
}
2023-Aug-11 22:25:32:2532	http:	::ffff:127.0.0.1 POST /auth/login 200 535 - 264.195 ms

2023-Aug-11 22:25:32:2532	info:	Deleted 2 access tokens and 12 refresh tokens.
2023-Aug-11 22:26:03:263	info:	Connected to private database
2023-Aug-11 22:26:03:263	info:	Panda-Server is running on port 8080
2023-Aug-11 22:26:08:268	info:	Refresh token stored in database. refreshToken: {
  userId: 'aa848037-41ad-49ce-b9d3-789ac1746f51',
  token: 'eyJhbGciOiJIUzI1NiIsInR5cCI6IkpXVCJ9.eyJzdWIiOiJhYTg0ODAzNy00MWFkLTQ5Y2UtYjlkMy03ODlhYzE3NDZmNTEiLCJpYXQiOjE2OTE3ODU1NjgsImV4cCI6MTY5MjM5MDM2OH0.gDkgHgpY2XrDVynSXKwnoEQx53PPz-7hhQh1slM_XiM',
  createdAt: 2023-08-11T20:26:01.815Z,
  _id: new ObjectId("64d69960960175147da55c5e"),
  expiresAt: 2023-08-18T20:26:08.240Z,
  __v: 0
}
2023-Aug-11 22:26:08:268	http:	::ffff:127.0.0.1 POST /auth/login 200 535 - 367.915 ms

2023-Aug-11 22:27:50:2750	info:	Connected to private database
2023-Aug-11 22:27:50:2750	info:	Panda-Server is running on port 8080
2023-Aug-11 22:30:16:3016	info:	Connected to private database
2023-Aug-11 22:30:16:3016	info:	Panda-Server is running on port 8080
2023-Aug-11 22:30:17:3017	info:	Refresh token stored in database. refreshToken: {
  userId: 'aa848037-41ad-49ce-b9d3-789ac1746f51',
  token: 'eyJhbGciOiJIUzI1NiIsInR5cCI6IkpXVCJ9.eyJzdWIiOiJhYTg0ODAzNy00MWFkLTQ5Y2UtYjlkMy03ODlhYzE3NDZmNTEiLCJpYXQiOjE2OTE3ODU4MTcsImV4cCI6MTY5MjM5MDYxN30.2XWLRQNxOUIT6xU8yIfpHQetMyjSv1uh5T2OfHzANwI',
  createdAt: 2023-08-11T20:30:15.343Z,
  _id: new ObjectId("64d69a59e90a116d27fdd685"),
  expiresAt: 2023-08-18T20:30:17.040Z,
  __v: 0
}
2023-Aug-11 22:30:17:3017	http:	::ffff:127.0.0.1 POST /auth/login 200 535 - 272.867 ms

2023-Aug-11 22:30:39:3039	http:	::ffff:127.0.0.1 POST /auth/login 400 51 - 4.128 ms

2023-Aug-11 22:32:15:3215	info:	Connected to private database
2023-Aug-11 22:32:15:3215	info:	Panda-Server is running on port 8080
2023-Aug-11 22:33:26:3326	info:	Connected to private database
2023-Aug-11 22:33:26:3326	info:	Panda-Server is running on port 8080
2023-Aug-11 22:33:38:3338	info:	Connected to private database
2023-Aug-11 22:33:38:3338	info:	Panda-Server is running on port 8080
2023-Aug-11 22:34:54:3454	info:	Connected to private database
2023-Aug-11 22:34:54:3454	info:	Panda-Server is running on port 8080
2023-Aug-11 22:38:07:387	info:	Connected to private database
2023-Aug-11 22:38:07:387	info:	Panda-Server is running on port 8080
2023-Aug-11 22:40:58:4058	info:	Connected to private database
2023-Aug-11 22:40:58:4058	info:	Panda-Server is running on port 8080
2023-Aug-11 22:42:39:4239	info:	Connected to private database
2023-Aug-11 22:42:39:4239	info:	Panda-Server is running on port 8080
2023-Aug-11 22:42:50:4250	info:	Connected to private database
2023-Aug-11 22:42:50:4250	info:	Panda-Server is running on port 8080
2023-Aug-11 22:45:52:4552	info:	Connected to private database
2023-Aug-11 22:45:52:4552	info:	Panda-Server is running on port 8080
2023-Aug-11 22:46:05:465	info:	Connected to private database
2023-Aug-11 22:46:05:465	info:	Panda-Server is running on port 8080
2023-Aug-11 22:46:11:4611	http:	::ffff:127.0.0.1 POST /auth/login 400 51 - 19.320 ms

2023-Aug-11 22:46:12:4612	http:	::ffff:127.0.0.1 POST /auth/login 400 51 - 3.297 ms

2023-Aug-11 22:46:13:4613	http:	::ffff:127.0.0.1 POST /auth/login 400 51 - 2.091 ms

2023-Aug-11 22:46:13:4613	http:	::ffff:127.0.0.1 POST /auth/login 400 51 - 1.839 ms

2023-Aug-11 22:46:13:4613	http:	::ffff:127.0.0.1 POST /auth/login 400 51 - 2.264 ms

2023-Aug-11 22:46:13:4613	http:	::ffff:127.0.0.1 POST /auth/login 400 51 - 1.859 ms

2023-Aug-11 22:46:27:4627	http:	::ffff:127.0.0.1 POST /auth/login 400 51 - 235.979 ms

2023-Aug-11 22:46:40:4640	http:	::ffff:127.0.0.1 POST /auth/login 400 51 - 66.403 ms

2023-Aug-11 22:46:46:4646	http:	::ffff:127.0.0.1 POST /auth/login 400 51 - 61.944 ms

2023-Aug-11 22:46:51:4651	info:	Refresh token stored in database. refreshToken: {
  userId: 'aa848037-41ad-49ce-b9d3-789ac1746f51',
  token: 'eyJhbGciOiJIUzI1NiIsInR5cCI6IkpXVCJ9.eyJzdWIiOiJhYTg0ODAzNy00MWFkLTQ5Y2UtYjlkMy03ODlhYzE3NDZmNTEiLCJpYXQiOjE2OTE3ODY4MTEsImV4cCI6MTY5MjM5MTYxMX0.UVKd-xDJ_di6EMS9iltfDGOtz24BuKeN3sfAZuoGLOo',
  createdAt: 2023-08-11T20:46:04.324Z,
  _id: new ObjectId("64d69e3b151f446f1e62a444"),
  expiresAt: 2023-08-18T20:46:51.382Z,
  __v: 0
}
2023-Aug-11 22:46:51:4651	http:	::ffff:127.0.0.1 POST /auth/login 200 535 - 253.567 ms

2023-Aug-11 23:39:28:3928	info:	Connected to private database
2023-Aug-11 23:39:28:3928	info:	Panda-Server is running on port 8080
2023-Aug-11 23:39:56:3956	info:	Connected to private database
2023-Aug-11 23:39:56:3956	info:	Panda-Server is running on port 8080
2023-Aug-11 23:40:12:4012	info:	Connected to private database
2023-Aug-11 23:40:12:4012	info:	Panda-Server is running on port 8080
2023-Aug-11 23:40:35:4035	info:	Connected to private database
2023-Aug-11 23:40:35:4035	info:	Panda-Server is running on port 8080
2023-Aug-11 23:40:40:4040	error:	Error while storing refresh token in database:  existingToken.remove is not a function
2023-Aug-11 23:40:40:4040	http:	::ffff:127.0.0.1 POST /auth/login 500 83 - 260.300 ms

2023-Aug-11 23:41:55:4155	info:	Refresh token stored in database. refreshToken: {
  userId: 'aa848037-41ad-49ce-b9d3-789ac1746f51',
  token: 'eyJhbGciOiJIUzI1NiIsInR5cCI6IkpXVCJ9.eyJzdWIiOiJhYTg0ODAzNy00MWFkLTQ5Y2UtYjlkMy03ODlhYzE3NDZmNTEiLCJpYXQiOjE2OTE3OTAxMTUsImV4cCI6MTY5MjM5NDkxNX0.lpzYFZWcc52TJFXEMQs6bXKwCMA8uBp08Rhn9d__aMU',
  createdAt: 2023-08-11T21:40:33.879Z,
  _id: new ObjectId("64d6ab2352eb3b410c0f14ef"),
  expiresAt: 2023-08-18T21:41:55.349Z,
  __v: 0
}
2023-Aug-11 23:41:55:4155	http:	::ffff:127.0.0.1 POST /auth/login 200 535 - 334.592 ms

2023-Aug-11 23:42:00:420	error:	Error while storing refresh token in database:  existingToken.remove is not a function
2023-Aug-11 23:42:00:420	http:	::ffff:127.0.0.1 POST /auth/login 500 83 - 207.069 ms

2023-Aug-11 23:43:52:4352	info:	Connected to private database
2023-Aug-11 23:43:52:4352	info:	Panda-Server is running on port 8080
2023-Aug-11 23:43:53:4353	info:	Existing refresh token removed from database. userId: aa848037-41ad-49ce-b9d3-789ac1746f51
2023-Aug-11 23:43:54:4354	info:	Refresh token stored in database. refreshToken: {
  userId: 'aa848037-41ad-49ce-b9d3-789ac1746f51',
  token: 'eyJhbGciOiJIUzI1NiIsInR5cCI6IkpXVCJ9.eyJzdWIiOiJhYTg0ODAzNy00MWFkLTQ5Y2UtYjlkMy03ODlhYzE3NDZmNTEiLCJpYXQiOjE2OTE3OTAyMzMsImV4cCI6MTY5MjM5NTAzM30.6xQMXlKFocgMppgYlxxt3OksbiH6gEaQy6CmhfcNR8Q',
  createdAt: 2023-08-11T21:43:51.037Z,
  _id: new ObjectId("64d6ab99f4e46721de016203"),
  expiresAt: 2023-08-18T21:43:53.994Z,
  __v: 0
}
2023-Aug-11 23:43:54:4354	http:	::ffff:127.0.0.1 POST /auth/login 200 535 - 565.982 ms

2023-Aug-11 23:44:06:446	info:	Existing refresh token removed from database. userId: aa848037-41ad-49ce-b9d3-789ac1746f51
2023-Aug-11 23:44:06:446	info:	Refresh token stored in database. refreshToken: {
  userId: 'aa848037-41ad-49ce-b9d3-789ac1746f51',
  token: 'eyJhbGciOiJIUzI1NiIsInR5cCI6IkpXVCJ9.eyJzdWIiOiJhYTg0ODAzNy00MWFkLTQ5Y2UtYjlkMy03ODlhYzE3NDZmNTEiLCJpYXQiOjE2OTE3OTAyNDYsImV4cCI6MTY5MjM5NTA0Nn0.snugXB5kDWg_5tQekgY1IxoJWoeYfF9bJ4nLT_bIWJQ',
  createdAt: 2023-08-11T21:43:51.037Z,
  _id: new ObjectId("64d6aba6f4e46721de016208"),
  expiresAt: 2023-08-18T21:44:06.299Z,
  __v: 0
}
2023-Aug-11 23:44:06:446	http:	::ffff:127.0.0.1 POST /auth/login 200 535 - 318.088 ms

2023-Aug-11 23:44:26:4426	info:	Existing refresh token removed from database. userId: aa848037-41ad-49ce-b9d3-789ac1746f51
2023-Aug-11 23:44:26:4426	info:	Refresh token stored in database. refreshToken: {
  userId: 'aa848037-41ad-49ce-b9d3-789ac1746f51',
  token: 'eyJhbGciOiJIUzI1NiIsInR5cCI6IkpXVCJ9.eyJzdWIiOiJhYTg0ODAzNy00MWFkLTQ5Y2UtYjlkMy03ODlhYzE3NDZmNTEiLCJpYXQiOjE2OTE3OTAyNjYsImV4cCI6MTY5MjM5NTA2Nn0.Ujq2cKtuFLABPV3eDypckLXpg5TYtBs84zKO_LSFgtI',
  createdAt: 2023-08-11T21:43:51.037Z,
  _id: new ObjectId("64d6abbaf4e46721de01620d"),
  expiresAt: 2023-08-18T21:44:26.208Z,
  __v: 0
}
2023-Aug-11 23:44:26:4426	http:	::ffff:127.0.0.1 POST /auth/login 200 535 - 515.594 ms

2023-Aug-11 23:46:36:4636	http:	::ffff:127.0.0.1 POST /auth/login 400 1101 - 2.697 ms

2023-Aug-11 23:46:41:4641	info:	Existing refresh token removed from database. userId: aa848037-41ad-49ce-b9d3-789ac1746f51
2023-Aug-11 23:46:41:4641	info:	Refresh token stored in database. refreshToken: {
  userId: 'aa848037-41ad-49ce-b9d3-789ac1746f51',
  token: 'eyJhbGciOiJIUzI1NiIsInR5cCI6IkpXVCJ9.eyJzdWIiOiJhYTg0ODAzNy00MWFkLTQ5Y2UtYjlkMy03ODlhYzE3NDZmNTEiLCJpYXQiOjE2OTE3OTA0MDEsImV4cCI6MTY5MjM5NTIwMX0.nY3O3Xt4HDeoERUe3rLCSD8p7hs9Nriig7ib7swSvYg',
  createdAt: 2023-08-11T21:43:51.037Z,
  _id: new ObjectId("64d6ac41f4e46721de016212"),
  expiresAt: 2023-08-18T21:46:41.479Z,
  __v: 0
}
2023-Aug-11 23:46:41:4641	http:	::ffff:127.0.0.1 POST /auth/login 200 535 - 341.035 ms

2023-Aug-11 23:48:13:4813	info:	Connected to private database
2023-Aug-11 23:48:13:4813	info:	Panda-Server is running on port 8080
2023-Aug-11 23:48:14:4814	info:	Existing refresh token removed from database. userId: aa848037-41ad-49ce-b9d3-789ac1746f51
2023-Aug-11 23:48:14:4814	info:	Refresh token stored in database. refreshToken: {
  userId: 'aa848037-41ad-49ce-b9d3-789ac1746f51',
  token: 'eyJhbGciOiJIUzI1NiIsInR5cCI6IkpXVCJ9.eyJzdWIiOiJhYTg0ODAzNy00MWFkLTQ5Y2UtYjlkMy03ODlhYzE3NDZmNTEiLCJpYXQiOjE2OTE3OTA0OTQsImV4cCI6MTY5MjM5NTI5NH0.lfawc0F2rpc-JxoUInmxz1couBqQ1O62AKY7Y_ncvfo',
  createdAt: 2023-08-11T21:48:12.329Z,
  _id: new ObjectId("64d6ac9e8785dcdcb7739cca"),
  expiresAt: 2023-08-18T21:48:14.228Z,
  __v: 0
}
2023-Aug-11 23:48:14:4814	http:	::ffff:127.0.0.1 POST /auth/login 200 535 - 389.627 ms

2023-Aug-11 23:49:13:4913	info:	Existing refresh token removed from database. userId: aa848037-41ad-49ce-b9d3-789ac1746f51
2023-Aug-11 23:49:13:4913	info:	Refresh token stored in database. refreshToken: {
  userId: 'aa848037-41ad-49ce-b9d3-789ac1746f51',
  token: 'eyJhbGciOiJIUzI1NiIsInR5cCI6IkpXVCJ9.eyJzdWIiOiJhYTg0ODAzNy00MWFkLTQ5Y2UtYjlkMy03ODlhYzE3NDZmNTEiLCJpYXQiOjE2OTE3OTA1NTMsImV4cCI6MTY5MjM5NTM1M30.iV9MmjRh8b8SGh_cYc3l8bnVQ9W29lGPv4DgE0gjNJM',
  createdAt: 2023-08-11T21:48:12.329Z,
  _id: new ObjectId("64d6acd98785dcdcb7739cd0"),
  expiresAt: 2023-08-18T21:49:13.334Z,
  __v: 0
}
2023-Aug-11 23:49:13:4913	http:	::ffff:127.0.0.1 POST /auth/login 200 535 - 363.062 ms

2023-Aug-11 23:50:08:508	info:	Existing refresh token removed from database. userId: aa848037-41ad-49ce-b9d3-789ac1746f51
2023-Aug-11 23:50:08:508	info:	Refresh token stored in database. refreshToken: {
  userId: 'aa848037-41ad-49ce-b9d3-789ac1746f51',
  token: 'eyJhbGciOiJIUzI1NiIsInR5cCI6IkpXVCJ9.eyJzdWIiOiJhYTg0ODAzNy00MWFkLTQ5Y2UtYjlkMy03ODlhYzE3NDZmNTEiLCJpYXQiOjE2OTE3OTA2MDgsImV4cCI6MTY5MjM5NTQwOH0.gU_Gi0ADJpB0Q3OlsN4CmFI7TEyGfGqNJor4Y_fwInw',
  createdAt: 2023-08-11T21:48:12.329Z,
  _id: new ObjectId("64d6ad108785dcdcb7739cd5"),
  expiresAt: 2023-08-18T21:50:08.540Z,
  __v: 0
}
2023-Aug-11 23:50:08:508	http:	::ffff:127.0.0.1 POST /auth/login 200 535 - 401.817 ms

2023-Aug-11 23:51:12:5112	info:	Existing refresh token removed from database. userId: aa848037-41ad-49ce-b9d3-789ac1746f51
2023-Aug-11 23:51:12:5112	info:	Refresh token stored in database. refreshToken: {
  userId: 'aa848037-41ad-49ce-b9d3-789ac1746f51',
  token: 'eyJhbGciOiJIUzI1NiIsInR5cCI6IkpXVCJ9.eyJzdWIiOiJhYTg0ODAzNy00MWFkLTQ5Y2UtYjlkMy03ODlhYzE3NDZmNTEiLCJpYXQiOjE2OTE3OTA2NzIsImV4cCI6MTY5MjM5NTQ3Mn0.P7v-bsQsNBkgH5LFl4gk-0xX0gOts0cqkIdT9i_XMFE',
  createdAt: 2023-08-11T21:48:12.329Z,
  _id: new ObjectId("64d6ad508785dcdcb7739cda"),
  expiresAt: 2023-08-18T21:51:12.570Z,
  __v: 0
}
2023-Aug-11 23:51:12:5112	http:	::ffff:127.0.0.1 POST /auth/login 200 535 - 348.927 ms

2023-Aug-11 23:52:19:5219	info:	Connected to private database
2023-Aug-11 23:52:19:5219	info:	Panda-Server is running on port 8080
2023-Aug-11 23:52:58:5258	info:	Connected to private database
2023-Aug-11 23:52:58:5258	info:	Panda-Server is running on port 8080
2023-Aug-11 23:53:03:533	info:	Existing refresh token removed from database. userId: aa848037-41ad-49ce-b9d3-789ac1746f51
2023-Aug-11 23:53:03:533	info:	Refresh token stored in database. refreshToken: {
  userId: 'aa848037-41ad-49ce-b9d3-789ac1746f51',
  token: 'eyJhbGciOiJIUzI1NiIsInR5cCI6IkpXVCJ9.eyJzdWIiOiJhYTg0ODAzNy00MWFkLTQ5Y2UtYjlkMy03ODlhYzE3NDZmNTEiLCJpYXQiOjE2OTE3OTA3ODMsImV4cCI6MTY5MjM5NTU4M30.tgNWJnoM8WTriZbQ11uaqA_n2FzVGGFR5VujyB34BC4',
  createdAt: 2023-08-11T21:53:03.332Z,
  _id: new ObjectId("64d6adbf85766cdd7f4cb05e"),
  expiresAt: 2023-08-18T21:53:03.335Z,
  __v: 0
}
2023-Aug-11 23:53:03:533	http:	::ffff:127.0.0.1 POST /auth/login 200 535 - 476.418 ms

2023-Aug-11 23:53:16:5316	info:	Existing refresh token removed from database. userId: aa848037-41ad-49ce-b9d3-789ac1746f51
2023-Aug-11 23:53:16:5316	info:	Refresh token stored in database. refreshToken: {
  userId: 'aa848037-41ad-49ce-b9d3-789ac1746f51',
  token: 'eyJhbGciOiJIUzI1NiIsInR5cCI6IkpXVCJ9.eyJzdWIiOiJhYTg0ODAzNy00MWFkLTQ5Y2UtYjlkMy03ODlhYzE3NDZmNTEiLCJpYXQiOjE2OTE3OTA3OTYsImV4cCI6MTY5MjM5NTU5Nn0.1dGSkUJFGT20pAgf0Fsk0J46HCekNzPr4h-OwFnOBQc',
  createdAt: 2023-08-11T21:53:16.930Z,
  _id: new ObjectId("64d6adcc85766cdd7f4cb063"),
  expiresAt: 2023-08-18T21:53:16.930Z,
  __v: 0
}
2023-Aug-11 23:53:16:5316	http:	::ffff:127.0.0.1 POST /auth/login 200 535 - 346.825 ms

2023-Aug-11 23:53:22:5322	info:	Existing refresh token removed from database. userId: aa848037-41ad-49ce-b9d3-789ac1746f51
2023-Aug-11 23:53:22:5322	info:	Refresh token stored in database. refreshToken: {
  userId: 'aa848037-41ad-49ce-b9d3-789ac1746f51',
  token: 'eyJhbGciOiJIUzI1NiIsInR5cCI6IkpXVCJ9.eyJzdWIiOiJhYTg0ODAzNy00MWFkLTQ5Y2UtYjlkMy03ODlhYzE3NDZmNTEiLCJpYXQiOjE2OTE3OTA4MDIsImV4cCI6MTY5MjM5NTYwMn0.naD2eQQdN0VnxVkpXEy669EPDbx8Zh9-4iKVJxojvcs',
  createdAt: 2023-08-11T21:53:22.592Z,
  _id: new ObjectId("64d6add285766cdd7f4cb068"),
  expiresAt: 2023-08-18T21:53:22.593Z,
  __v: 0
}
2023-Aug-11 23:53:22:5322	http:	::ffff:127.0.0.1 POST /auth/login 200 535 - 320.200 ms

2023-Aug-11 23:54:09:549	info:	Existing refresh token removed from database. userId: aa848037-41ad-49ce-b9d3-789ac1746f51
2023-Aug-11 23:54:09:549	info:	Refresh token stored in database. refreshToken: {
  userId: 'aa848037-41ad-49ce-b9d3-789ac1746f51',
  token: 'eyJhbGciOiJIUzI1NiIsInR5cCI6IkpXVCJ9.eyJzdWIiOiJhYTg0ODAzNy00MWFkLTQ5Y2UtYjlkMy03ODlhYzE3NDZmNTEiLCJpYXQiOjE2OTE3OTA4NDksImV4cCI6MTY5MjM5NTY0OX0.E3rBrKKneYvYl8PQNRqRxEIoe8_9hl_d-rOUwNIjDIU',
  createdAt: 2023-08-11T21:54:09.225Z,
  _id: new ObjectId("64d6ae0185766cdd7f4cb06d"),
  expiresAt: 2023-08-18T21:54:09.226Z,
  __v: 0
}
2023-Aug-11 23:54:09:549	http:	::ffff:127.0.0.1 POST /auth/login 200 535 - 490.091 ms

2023-Aug-12 00:00:19:019	info:	Connected to private database
2023-Aug-12 00:00:19:019	info:	Panda-Server is running on port 8080
2023-Aug-12 00:00:42:042	info:	Connected to private database
2023-Aug-12 00:00:42:042	info:	Panda-Server is running on port 8080
2023-Aug-12 00:01:13:113	info:	Connected to private database
2023-Aug-12 00:01:13:113	info:	Panda-Server is running on port 8080
2023-Aug-12 00:01:23:123	info:	Connected to private database
2023-Aug-12 00:01:23:123	info:	Panda-Server is running on port 8080
2023-Aug-12 00:03:14:314	info:	Connected to private database
2023-Aug-12 00:03:14:314	info:	Panda-Server is running on port 8080
2023-Aug-12 00:03:41:341	http:	::ffff:127.0.0.1 POST /auth/logout 500 49 - 109.806 ms

2023-Aug-12 00:04:20:420	http:	::ffff:127.0.0.1 POST /auth/logout 500 49 - 227.297 ms

2023-Aug-12 00:07:05:75	info:	Connected to private database
2023-Aug-12 00:07:05:75	info:	Panda-Server is running on port 8080
2023-Aug-12 00:08:26:826	info:	Connected to private database
2023-Aug-12 00:08:26:826	info:	Panda-Server is running on port 8080
2023-Aug-12 00:09:05:95	info:	Existing refresh token removed from database. userId: aa848037-41ad-49ce-b9d3-789ac1746f51
2023-Aug-12 00:09:05:95	info:	Refresh token stored in database. refreshToken: {
  userId: 'aa848037-41ad-49ce-b9d3-789ac1746f51',
  token: 'eyJhbGciOiJIUzI1NiIsInR5cCI6IkpXVCJ9.eyJzdWIiOiJhYTg0ODAzNy00MWFkLTQ5Y2UtYjlkMy03ODlhYzE3NDZmNTEiLCJpYXQiOjE2OTE3OTE3NDUsImV4cCI6MTY5MjM5NjU0NX0.rw-qmDypl2RCINiTTMxionIMKNqyjPRPZrvyTpUJNE4',
  createdAt: 2023-08-11T22:09:05.583Z,
  _id: new ObjectId("64d6b1816bb15e2b67a088f5"),
  expiresAt: 2023-08-18T22:09:05.586Z,
  __v: 0
}
2023-Aug-12 00:09:05:95	http:	::ffff:127.0.0.1 POST /auth/login 200 535 - 441.563 ms

2023-Aug-12 00:09:18:918	http:	::ffff:127.0.0.1 POST /auth/logout 500 49 - 66.117 ms

2023-Aug-12 00:09:19:919	http:	::ffff:127.0.0.1 POST /auth/logout 500 49 - 68.035 ms

2023-Aug-12 00:10:08:108	info:	Connected to private database
2023-Aug-12 00:10:08:108	info:	Panda-Server is running on port 8080
2023-Aug-12 00:11:30:1130	info:	Connected to private database
2023-Aug-12 00:11:30:1130	info:	Panda-Server is running on port 8080
2023-Aug-12 00:11:39:1139	http:	::ffff:127.0.0.1 POST /auth/logout 404 39 - 17.064 ms

2023-Aug-12 00:11:43:1143	http:	::ffff:127.0.0.1 GET /auth/logout 500 49 - 108.086 ms

2023-Aug-12 00:12:17:1217	http:	::ffff:127.0.0.1 GET /auth/logout 500 49 - 66.154 ms

2023-Aug-12 00:13:40:1340	info:	Connected to private database
2023-Aug-12 00:13:40:1340	info:	Panda-Server is running on port 8080
2023-Aug-12 00:14:10:1410	info:	Connected to private database
2023-Aug-12 00:14:10:1410	info:	Panda-Server is running on port 8080
2023-Aug-12 00:14:13:1413	http:	::ffff:127.0.0.1 GET /auth/logout 500 49 - 92.409 ms

2023-Aug-12 00:14:55:1455	http:	::ffff:127.0.0.1 GET /auth/logout 500 49 - 70.936 ms

2023-Aug-12 00:15:48:1548	info:	Connected to private database
2023-Aug-12 00:15:48:1548	info:	Panda-Server is running on port 8080
2023-Aug-12 00:15:52:1552	info:	Refresh token removed from database: eyJhbGciOiJIUzI1NiIsInR5cCI6IkpXVCJ9.eyJzdWIiOiJhYTg0ODAzNy00MWFkLTQ5Y2UtYjlkMy03ODlhYzE3NDZmNTEiLCJpYXQiOjE2OTE3OTE3NDUsImV4cCI6MTY5MjM5NjU0NX0.rw-qmDypl2RCINiTTMxionIMKNqyjPRPZrvyTpUJNE4
2023-Aug-12 00:15:52:1552	http:	::ffff:127.0.0.1 GET /auth/logout 200 54 - 136.360 ms

2023-Aug-12 00:16:01:161	http:	::ffff:127.0.0.1 GET /auth/logout 500 49 - 78.669 ms

2023-Aug-12 00:16:02:162	http:	::ffff:127.0.0.1 GET /auth/logout 500 49 - 94.437 ms

2023-Aug-12 00:16:03:163	http:	::ffff:127.0.0.1 GET /auth/logout 500 49 - 61.252 ms

2023-Aug-12 00:17:11:1711	info:	Refresh token stored in database. refreshToken: {
  userId: 'aa848037-41ad-49ce-b9d3-789ac1746f51',
  token: 'eyJhbGciOiJIUzI1NiIsInR5cCI6IkpXVCJ9.eyJzdWIiOiJhYTg0ODAzNy00MWFkLTQ5Y2UtYjlkMy03ODlhYzE3NDZmNTEiLCJpYXQiOjE2OTE3OTIyMzEsImV4cCI6MTY5MjM5NzAzMX0.YaF6JFFc6tUF3wqgjAYq5DVKsYN45tS-pvPbK9LieoQ',
  createdAt: 2023-08-11T22:17:11.146Z,
  _id: new ObjectId("64d6b367f79fa5ce467e14c1"),
  expiresAt: 2023-08-18T22:17:11.149Z,
  __v: 0
}
2023-Aug-12 00:17:11:1711	http:	::ffff:127.0.0.1 POST /auth/login 200 535 - 318.552 ms

2023-Aug-12 00:17:32:1732	info:	Refresh token removed from database: eyJhbGciOiJIUzI1NiIsInR5cCI6IkpXVCJ9.eyJzdWIiOiJhYTg0ODAzNy00MWFkLTQ5Y2UtYjlkMy03ODlhYzE3NDZmNTEiLCJpYXQiOjE2OTE3OTIyMzEsImV4cCI6MTY5MjM5NzAzMX0.YaF6JFFc6tUF3wqgjAYq5DVKsYN45tS-pvPbK9LieoQ
2023-Aug-12 00:17:32:1732	http:	::ffff:127.0.0.1 GET /auth/logout 200 54 - 82.005 ms

2023-Aug-12 00:17:46:1746	info:	Refresh token stored in database. refreshToken: {
  userId: 'aa848037-41ad-49ce-b9d3-789ac1746f51',
  token: 'eyJhbGciOiJIUzI1NiIsInR5cCI6IkpXVCJ9.eyJzdWIiOiJhYTg0ODAzNy00MWFkLTQ5Y2UtYjlkMy03ODlhYzE3NDZmNTEiLCJpYXQiOjE2OTE3OTIyNjYsImV4cCI6MTY5MjM5NzA2Nn0.o2oHk_bW2Gp78vpQjMs_qUcoyQ1kVymModzOp1IayNM',
  createdAt: 2023-08-11T22:17:46.927Z,
  _id: new ObjectId("64d6b38af79fa5ce467e14c6"),
  expiresAt: 2023-08-18T22:17:46.927Z,
  __v: 0
}
2023-Aug-12 00:17:46:1746	http:	::ffff:127.0.0.1 POST /auth/login 200 535 - 367.185 ms

2023-Aug-12 00:18:01:181	info:	Existing refresh token removed from database. userId: aa848037-41ad-49ce-b9d3-789ac1746f51
2023-Aug-12 00:18:01:181	info:	Refresh token stored in database. refreshToken: {
  userId: 'aa848037-41ad-49ce-b9d3-789ac1746f51',
  token: 'eyJhbGciOiJIUzI1NiIsInR5cCI6IkpXVCJ9.eyJzdWIiOiJhYTg0ODAzNy00MWFkLTQ5Y2UtYjlkMy03ODlhYzE3NDZmNTEiLCJpYXQiOjE2OTE3OTIyODEsImV4cCI6MTY5MjM5NzA4MX0.9bAbHLXMlG2jeakleGxdHVJPDxP6ZkYIFuI2V94Y8fE',
  createdAt: 2023-08-11T22:18:01.432Z,
  _id: new ObjectId("64d6b399f79fa5ce467e14cb"),
  expiresAt: 2023-08-18T22:18:01.433Z,
  __v: 0
}
2023-Aug-12 00:18:01:181	http:	::ffff:127.0.0.1 POST /auth/login 200 535 - 338.893 ms

2023-Aug-12 00:18:19:1819	info:	Refresh token removed from database: eyJhbGciOiJIUzI1NiIsInR5cCI6IkpXVCJ9.eyJzdWIiOiJhYTg0ODAzNy00MWFkLTQ5Y2UtYjlkMy03ODlhYzE3NDZmNTEiLCJpYXQiOjE2OTE3OTIyODEsImV4cCI6MTY5MjM5NzA4MX0.9bAbHLXMlG2jeakleGxdHVJPDxP6ZkYIFuI2V94Y8fE
2023-Aug-12 00:18:19:1819	http:	::ffff:127.0.0.1 GET /auth/logout 200 54 - 72.421 ms

2023-Aug-12 21:01:40:140	info:	Connected to private database
2023-Aug-12 21:01:40:140	info:	Panda-Server is running on port 8080
2023-Aug-12 21:07:13:713	info:	Connected to private database
2023-Aug-12 21:07:13:713	info:	Panda-Server is running on port 8080
2023-Aug-12 21:07:22:722	http:	::ffff:127.0.0.1 POST /auth/login 400 46 - 19.609 ms

2023-Aug-12 21:07:38:738	http:	::ffff:127.0.0.1 POST /auth/login 400 46 - 1.849 ms

2023-Aug-12 21:07:39:739	http:	::ffff:127.0.0.1 POST /auth/login 400 46 - 0.790 ms

2023-Aug-12 21:07:50:750	http:	::ffff:127.0.0.1 POST /auth/login 400 51 - 256.428 ms

2023-Aug-12 21:07:57:757	http:	::ffff:127.0.0.1 POST /auth/login 400 51 - 263.533 ms

2023-Aug-12 21:08:42:842	http:	::ffff:127.0.0.1 POST /auth/signup 404 39 - 1.088 ms

2023-Aug-12 21:08:51:851	http:	::ffff:127.0.0.1 POST /auth/sign-up 400 145 - 13.562 ms

2023-Aug-12 21:09:12:912	http:	::ffff:127.0.0.1 POST /auth/sign-up 500 49 - 380.413 ms

2023-Aug-12 21:09:51:951	info:	New user successfully signed up. UserId: cf8385b4-170b-44b6-a8f4-0b5a3686a454
2023-Aug-12 21:09:53:953	info:	Verification email sent successfully.
2023-Aug-12 21:09:53:953	http:	::ffff:127.0.0.1 POST /auth/sign-up 200 83 - 2449.971 ms

2023-Aug-12 21:11:15:1115	info:	Email has been successfully verified. emailId: cccca404-d40d-47ba-8562-6690c187d60b
2023-Aug-12 21:11:15:1115	http:	::ffff:127.0.0.1 POST /auth/sign-up/U2FsdGVkX18dE0k0QojoHu7RvCkPhlO2l8AP0oE70JciDtu%2B5gDQH4PnusCL3WxnAjVA%2BC%2BNDy8eQiQmLnlisLh3GNXdzF%2BWFx6aTWzu%2FsE90x0dwzrL2J9on81dUZ3LSN7oS390Krr0RpCxeYRqL8YayNf%2F%2F6Cv98CoIo0OVTc%3D 200 62 - 114.327 ms

2023-Aug-12 21:12:20:1220	http:	::ffff:127.0.0.1 GET /auth/sign-up/U2FsdGVkX18dE0k0QojoHu7RvCkPhlO2l8AP0oE70JciDtu%2B5gDQH4PnusCL3WxnAjVA%2BC%2BNDy8eQiQmLnlisLh3GNXdzF%2BWFx6aTWzu%2FsE90x0dwzrL2J9on81dUZ3LSN7oS390Krr0RpCxeYRqL8YayNf%2F%2F6Cv98CoIo0OVTc%3D 404 39 - 1.516 ms

2023-Aug-12 21:12:21:1221	http:	::ffff:127.0.0.1 GET /auth/sign-up/U2FsdGVkX18dE0k0QojoHu7RvCkPhlO2l8AP0oE70JciDtu%2B5gDQH4PnusCL3WxnAjVA%2BC%2BNDy8eQiQmLnlisLh3GNXdzF%2BWFx6aTWzu%2FsE90x0dwzrL2J9on81dUZ3LSN7oS390Krr0RpCxeYRqL8YayNf%2F%2F6Cv98CoIo0OVTc%3D 404 39 - 1.054 ms

2023-Aug-12 21:12:43:1243	info:	Connected to private database
2023-Aug-12 21:12:43:1243	info:	Panda-Server is running on port 8080
2023-Aug-12 21:12:45:1245	error:	Error while verifying the email validation link: Email already verified.
2023-Aug-12 21:12:45:1245	http:	::ffff:127.0.0.1 GET /auth/sign-up/U2FsdGVkX18dE0k0QojoHu7RvCkPhlO2l8AP0oE70JciDtu%2B5gDQH4PnusCL3WxnAjVA%2BC%2BNDy8eQiQmLnlisLh3GNXdzF%2BWFx6aTWzu%2FsE90x0dwzrL2J9on81dUZ3LSN7oS390Krr0RpCxeYRqL8YayNf%2F%2F6Cv98CoIo0OVTc%3D 500 109 - 95.586 ms

2023-Aug-12 21:55:49:5549	http:	::ffff:127.0.0.1 POST /auth/login 400 51 - 1461.513 ms

2023-Aug-12 21:55:58:5558	http:	::ffff:127.0.0.1 POST /auth/login 400 51 - 147.785 ms

2023-Aug-12 21:56:08:568	http:	::ffff:127.0.0.1 POST /auth/login 400 51 - 140.316 ms

2023-Aug-12 21:56:09:569	http:	::ffff:127.0.0.1 POST /auth/login 400 51 - 145.246 ms

2023-Aug-12 21:56:32:5632	info:	Refresh token stored in database. refreshToken: {
  userId: 'cf8385b4-170b-44b6-a8f4-0b5a3686a454',
  token: 'eyJhbGciOiJIUzI1NiIsInR5cCI6IkpXVCJ9.eyJzdWIiOiJjZjgzODViNC0xNzBiLTQ0YjYtYThmNC0wYjVhMzY4NmE0NTQiLCJpYXQiOjE2OTE4NzAxOTIsImV4cCI6MTY5MjQ3NDk5Mn0.YfWsoVBGdG69XA4z_wVhHWpf0Fsay_SIMWYk-4Gu07M',
  createdAt: 2023-08-12T19:56:32.715Z,
  _id: new ObjectId("64d7e3f0b01b495e6ca27842"),
  expiresAt: 2023-08-19T19:56:32.718Z,
  __v: 0
}
2023-Aug-12 21:56:32:5632	http:	::ffff:127.0.0.1 POST /auth/login 200 535 - 364.837 ms

2023-Aug-12 22:08:45:845	info:	Connected to private database
2023-Aug-12 22:08:45:845	info:	Panda-Server is running on port 8080
2023-Aug-12 22:12:08:128	info:	Connected to private database
2023-Aug-12 22:12:08:128	info:	Panda-Server is running on port 8080
2023-Aug-12 22:12:28:1228	info:	Connected to private database
2023-Aug-12 22:12:28:1228	info:	Panda-Server is running on port 8080
2023-Aug-12 22:15:31:1531	info:	Connected to private database
2023-Aug-12 22:15:31:1531	info:	Panda-Server is running on port 8080
2023-Aug-12 22:15:54:1554	info:	Connected to private database
2023-Aug-12 22:15:54:1554	info:	Panda-Server is running on port 8080
2023-Aug-12 22:36:57:3657	info:	Connected to private database
2023-Aug-12 22:36:57:3657	info:	Panda-Server is running on port 8080
2023-Aug-12 22:42:22:4222	http:	::ffff:127.0.0.1 GET / 200 46 - 4.623 ms

2023-Aug-12 22:45:06:456	http:	::ffff:127.0.0.1 GET /auth/login 404 39 - 1.773 ms

2023-Aug-12 23:07:25:725	info:	Connected to private database
2023-Aug-12 23:07:25:725	info:	Panda-Server is running on port 8080
2023-Aug-12 23:08:08:88	info:	Connected to private database
2023-Aug-12 23:08:08:88	info:	Panda-Server is running on port 8080
2023-Aug-12 23:09:46:946	info:	Connected to private database
2023-Aug-12 23:09:46:946	info:	Panda-Server is running on port 8080
2023-Aug-12 23:10:04:104	info:	Connected to private database
2023-Aug-12 23:10:04:104	info:	Panda-Server is running on port 8080
2023-Aug-12 23:35:09:359	info:	Connected to private database
2023-Aug-12 23:35:09:359	info:	Panda-Server is running on port 8080
2023-Aug-12 23:35:22:3522	info:	Connected to private database
2023-Aug-12 23:35:22:3522	info:	Panda-Server is running on port 8080
2023-Aug-12 23:35:42:3542	info:	Connected to private database
2023-Aug-12 23:35:42:3542	info:	Panda-Server is running on port 8080
2023-Aug-12 23:35:48:3548	info:	Connected to private database
2023-Aug-12 23:35:48:3548	info:	Panda-Server is running on port 8080
2023-Aug-13 09:45:46:4546	info:	Connected to private database
2023-Aug-13 09:45:46:4546	info:	Panda-Server is running on port 8080
2023-Aug-13 09:47:51:4751	info:	Connected to private database
2023-Aug-13 09:47:51:4751	info:	Panda-Server is running on port 8080
2023-Aug-13 09:48:58:4858	info:	Connected to private database
2023-Aug-13 09:48:58:4858	info:	Panda-Server is running on port 8080
2023-Aug-13 09:49:06:496	info:	Existing refresh token removed from database. userId: cf8385b4-170b-44b6-a8f4-0b5a3686a454
2023-Aug-13 09:49:06:496	info:	Refresh token stored in database. refreshToken: {
  userId: 'cf8385b4-170b-44b6-a8f4-0b5a3686a454',
  token: 'eyJhbGciOiJIUzI1NiIsInR5cCI6IkpXVCJ9.eyJzdWIiOiJjZjgzODViNC0xNzBiLTQ0YjYtYThmNC0wYjVhMzY4NmE0NTQiLCJpYXQiOjE2OTE5MTI5NDYsImV4cCI6MTY5MjUxNzc0Nn0.54y9rT5p0hXuoZSVPpP73pMoilfv8H9eB16_-H8V2xg',
  createdAt: 2023-08-13T07:49:06.426Z,
  _id: new ObjectId("64d88af2f21963b4e8d56032"),
  expiresAt: 2023-08-20T07:49:06.428Z,
  __v: 0
}
2023-Aug-13 09:49:06:496	http:	::ffff:127.0.0.1 POST /auth/login 200 535 - 473.518 ms

2023-Aug-13 09:50:39:5039	info:	Connected to private database
2023-Aug-13 09:50:39:5039	info:	Panda-Server is running on port 8080
2023-Aug-13 09:55:01:551	info:	Connected to private database
2023-Aug-13 09:55:01:551	info:	Panda-Server is running on port 8080
2023-Aug-13 09:55:29:5529	info:	Connected to private database
2023-Aug-13 09:55:29:5529	info:	Panda-Server is running on port 8080
2023-Aug-13 09:57:55:5755	info:	Connected to private database
2023-Aug-13 09:57:55:5755	info:	Panda-Server is running on port 8080
2023-Aug-13 17:38:38:3838	info:	Connected to private database
2023-Aug-13 17:38:38:3838	info:	Panda-Server is running on port 8080
2023-Aug-13 17:44:09:449	info:	Connected to private database
2023-Aug-13 17:44:09:449	info:	Panda-Server is running on port 8080
2023-Aug-13 18:06:20:620	info:	Connected to private database
2023-Aug-13 18:06:20:620	info:	Panda-Server is running on port 8080
2023-Aug-13 18:18:49:1849	http:	::ffff:127.0.0.1 GET /auth/signup 404 39 - 19.282 ms

2023-Aug-13 18:22:33:2233	info:	Connected to private database
2023-Aug-13 18:22:33:2233	info:	Panda-Server is running on port 8080
2023-Aug-13 18:24:34:2434	info:	Connected to private database
2023-Aug-13 18:24:34:2434	info:	Panda-Server is running on port 8080
2023-Aug-13 18:24:38:2438	http:	::ffff:127.0.0.1 GET /users/me 200 762 - 107.942 ms

2023-Aug-13 18:24:52:2452	info:	Connected to private database
2023-Aug-13 18:24:52:2452	info:	Panda-Server is running on port 8080
2023-Aug-13 18:29:01:291	info:	Connected to private database
2023-Aug-13 18:29:01:291	info:	Panda-Server is running on port 8080
2023-Aug-13 18:29:03:293	http:	::ffff:127.0.0.1 GET /users/newUsersOverview 200 500 - 97.212 ms

2023-Aug-13 18:29:07:297	http:	::ffff:127.0.0.1 GET /users/newUsersOverview 200 500 - 195.130 ms

2023-Aug-13 21:49:56:4956	info:	Connected to private database
2023-Aug-13 21:49:56:4956	info:	Panda-Server is running on port 8080
2023-Aug-13 21:50:01:501	info:	Connected to private database
2023-Aug-13 21:50:01:501	info:	Panda-Server is running on port 8080
2023-Aug-13 21:50:16:5016	http:	::ffff:127.0.0.1 GET /users/newUsersOverview 200 500 - 103.004 ms

2023-Aug-13 21:50:34:5034	http:	::ffff:127.0.0.1 GET /users/newUsersOverview 200 500 - 24.757 ms

2023-Aug-13 21:55:46:5546	info:	Connected to private database
2023-Aug-13 21:55:46:5546	info:	Panda-Server is running on port 8080
2023-Aug-16 10:53:34:5334	info:	Connected to private database
2023-Aug-16 10:53:34:5334	info:	Panda-Server is running on port 8080
2023-Aug-16 10:53:50:5350	http:	::ffff:127.0.0.1 POST /auth/sign-up 400 45 - 20.087 ms

2023-Aug-16 10:53:51:5351	http:	::ffff:127.0.0.1 POST /auth/sign-up 400 45 - 2.330 ms

2023-Aug-16 10:54:42:5442	info:	Connected to private database
2023-Aug-16 10:54:42:5442	info:	Panda-Server is running on port 8080
2023-Aug-16 10:54:49:5449	info:	Connected to private database
2023-Aug-16 10:54:49:5449	info:	Panda-Server is running on port 8080
2023-Aug-16 11:15:50:1550	info:	Connected to private database
2023-Aug-16 11:15:50:1550	info:	Panda-Server is running on port 8080
2023-Aug-16 11:16:42:1642	info:	Connected to private database
2023-Aug-16 11:16:42:1642	info:	Panda-Server is running on port 8080
2023-Aug-17 17:28:27:2827	info:	Connected to private database
2023-Aug-17 17:28:27:2827	info:	Panda-Server is running on port 8080
2023-Aug-17 17:29:36:2936	http:	::ffff:127.0.0.1 POST /auth/forgotPassword 500 79 - 64.140 ms

2023-Aug-17 17:31:07:317	info:	Connected to private database
2023-Aug-17 17:31:07:317	info:	Panda-Server is running on port 8080
2023-Aug-17 17:31:08:318	http:	::ffff:127.0.0.1 POST /auth/forgotPassword 500 79 - 65.371 ms

2023-Aug-17 17:31:20:3120	info:	Connected to private database
2023-Aug-17 17:31:20:3120	info:	Panda-Server is running on port 8080
2023-Aug-17 17:31:22:3122	http:	::ffff:127.0.0.1 POST /auth/forgotPassword 500 79 - 43.907 ms

2023-Aug-17 17:31:43:3143	info:	Connected to private database
2023-Aug-17 17:31:43:3143	info:	Panda-Server is running on port 8080
2023-Aug-17 17:31:44:3144	http:	::ffff:127.0.0.1 POST /auth/forgotPassword 500 79 - 53.927 ms

2023-Aug-17 17:31:46:3146	http:	::ffff:127.0.0.1 POST /auth/forgotPassword 500 79 - 39.785 ms

2023-Aug-17 17:32:03:323	info:	Connected to private database
2023-Aug-17 17:32:03:323	info:	Panda-Server is running on port 8080
2023-Aug-17 17:32:06:326	http:	::ffff:127.0.0.1 POST /auth/forgotPassword 500 79 - 58.493 ms

2023-Aug-17 17:32:15:3215	info:	Connected to private database
2023-Aug-17 17:32:15:3215	info:	Panda-Server is running on port 8080
2023-Aug-17 17:32:17:3217	http:	::ffff:127.0.0.1 POST /auth/forgotPassword 500 79 - 42.906 ms

2023-Aug-17 17:32:33:3233	info:	Connected to private database
2023-Aug-17 17:32:33:3233	info:	Panda-Server is running on port 8080
2023-Aug-17 17:32:35:3235	http:	::ffff:127.0.0.1 POST /auth/forgotPassword 500 79 - 44.096 ms

2023-Aug-17 17:32:58:3258	info:	Connected to private database
2023-Aug-17 17:32:58:3258	info:	Panda-Server is running on port 8080
2023-Aug-17 17:33:02:332	http:	::ffff:127.0.0.1 POST /auth/forgotPassword 500 79 - 46.301 ms

2023-Aug-17 17:34:28:3428	info:	Connected to private database
2023-Aug-17 17:34:28:3428	info:	Panda-Server is running on port 8080
2023-Aug-17 17:34:31:3431	http:	::ffff:127.0.0.1 POST /auth/forgotPassword 500 79 - 55.032 ms

2023-Aug-17 17:35:30:3530	info:	Connected to private database
2023-Aug-17 17:35:30:3530	info:	Panda-Server is running on port 8080
2023-Aug-17 17:35:32:3532	http:	::ffff:127.0.0.1 POST /auth/forgotPassword 500 79 - 49.849 ms

2023-Aug-17 17:35:56:3556	info:	Connected to private database
2023-Aug-17 17:35:56:3556	info:	Panda-Server is running on port 8080
2023-Aug-17 17:36:04:364	info:	Connected to private database
2023-Aug-17 17:36:04:364	info:	Panda-Server is running on port 8080
2023-Aug-17 17:36:05:365	http:	::ffff:127.0.0.1 POST /auth/forgotPassword 500 79 - 60.494 ms

2023-Aug-17 17:36:31:3631	info:	Connected to private database
2023-Aug-17 17:36:31:3631	info:	Panda-Server is running on port 8080
2023-Aug-17 17:36:32:3632	http:	::ffff:127.0.0.1 POST /auth/forgotPassword 500 79 - 52.806 ms

2023-Aug-17 17:37:18:3718	info:	Connected to private database
2023-Aug-17 17:37:18:3718	info:	Panda-Server is running on port 8080
2023-Aug-17 17:37:36:3736	info:	Connected to private database
2023-Aug-17 17:37:36:3736	info:	Panda-Server is running on port 8080
2023-Aug-17 17:37:37:3737	error:	Error while storing reset password token in database:  Cannot access 'ResetPasswordToken' before initialization
2023-Aug-17 17:37:37:3737	http:	::ffff:127.0.0.1 POST /auth/forgotPassword 500 90 - 53.898 ms

