2023-Aug-01 21:28:09:289	error:	Error occured while sending validation email:  API calls in strict mode, but no private key was passed
2023-Aug-02 14:38:34:3834	error:	Error occured while sending validation email:  An error occurred while sending the validation email.
2023-Aug-02 14:40:30:4030	error:	Error occured while sending validation email:  An error occurred while sending the validation email.
2023-Aug-02 18:57:40:5740	error:	An error occurred during email verification: newUser is not defined
2023-Aug-02 19:02:33:233	error:	Error while verifying email validation link: Unexpected end of JSON input
2023-Aug-02 19:02:33:233	error:	An error occurred during email verification:  An error occurred while verifying the email validation link.
2023-Aug-02 19:03:47:347	error:	Error while verifying email validation link: Unexpected end of JSON input
2023-Aug-02 19:03:47:347	error:	An error occurred during email verification:  Unexpected end of JSON input
2023-Aug-02 19:04:44:444	error:	Error while verifying email validation link: Unexpected end of JSON input
2023-Aug-02 19:04:44:444	error:	An error occurred during email verification:  Unexpected end of JSON input
2023-Aug-02 19:05:21:521	error:	Error while verifying email validation link: Unexpected end of JSON input
2023-Aug-02 19:05:21:521	error:	An error occurred during email verification:  Unexpected end of JSON input
2023-Aug-02 19:11:34:1134	error:	An error occurred during email verification:  email already verified
2023-Aug-02 19:11:44:1144	error:	Error while verifying email validation link: Unexpected end of JSON input
2023-Aug-02 19:11:44:1144	error:	An error occurred during email verification:  Unexpected end of JSON input
2023-Aug-02 19:11:50:1150	error:	Error while verifying email validation link: Unexpected end of JSON input
2023-Aug-02 19:11:50:1150	error:	An error occurred during email verification:  Unexpected end of JSON input
2023-Aug-02 19:12:02:122	error:	Error while verifying email validation link: Unexpected end of JSON input
2023-Aug-02 19:12:02:122	error:	An error occurred during email verification:  Unexpected end of JSON input
2023-Aug-02 19:13:03:133	error:	Error while verifying email validation link: Invalid validation link
2023-Aug-02 19:13:03:133	error:	An error occurred during email verification:  Invalid validation link
2023-Aug-02 19:13:53:1353	error:	Error while verifying email validation link: Invalid validation link
2023-Aug-02 19:13:53:1353	error:	An error occurred during email verification:  Invalid validation link
2023-Aug-03 13:06:19:619	error:	Error while verifying email validation link: Invalid validation link
2023-Aug-03 13:06:19:619	error:	An error occurred during email verification:  Invalid validation link
2023-Aug-03 13:07:58:758	error:	Error while verifying email validation link: Invalid validation link
2023-Aug-03 13:07:58:758	error:	An error occurred during email verification: 
2023-Aug-03 13:08:44:844	error:	Error while verifying email validation link: Invalid validation link
2023-Aug-03 13:08:44:844	error:	An error occurred during email verification: 
2023-Aug-03 13:08:57:857	error:	Error while verifying email validation link: Invalid validation link
2023-Aug-03 13:08:57:857	error:	An error occurred during email verification: 
2023-Aug-03 13:09:03:93	error:	Error while verifying email validation link: Invalid validation link
2023-Aug-03 13:09:03:93	error:	hello02
2023-Aug-03 13:09:14:914	error:	Error while verifying email validation link: Invalid validation link
2023-Aug-03 13:09:14:914	error:	hello02
2023-Aug-03 13:09:22:922	error:	Error while verifying email validation link: Invalid validation link
2023-Aug-03 13:09:22:922	error:	bitch
2023-Aug-03 13:09:46:946	error:	Error while verifying email validation link: Invalid validation link
2023-Aug-03 13:09:46:946	error:	bitch
2023-Aug-03 13:09:51:951	error:	Error while verifying email validation link: Invalid validation link
2023-Aug-03 13:09:51:951	error:	Invalid validation link
2023-Aug-03 13:10:06:106	error:	Error while verifying email validation link: Invalid validation link
2023-Aug-03 13:10:06:106	error:	Invalid validation link
2023-Aug-03 13:15:31:1531	error:	Error while verifying email validation link: Invalid validation link
2023-Aug-03 13:15:31:1531	error:	Invalid validation link
2023-Aug-03 13:16:18:1618	error:	Error while vErifying email validation link: Invalid validation link
2023-Aug-03 13:16:18:1618	error:	Invalid validation link
2023-Aug-03 14:40:29:4029	error:	Error while verifying email validation link: Invalid validation link
2023-Aug-03 14:40:29:4029	error:	Invalid validation link
2023-Aug-03 14:41:12:4112	error:	Error while verifying email validation link: Invalid validation link
2023-Aug-03 14:41:13:4113	error:	Error while verifying email validation link: Invalid validation link
2023-Aug-03 14:41:42:4142	error:	Error while verifying email validation link: Invalid validation link
2023-Aug-03 14:42:07:427	error:	Error while verifying email validation link: Invalid validation link
2023-Aug-03 14:43:27:4327	error:	Error while verifying email validation link: Invalid validation link.
2023-Aug-03 14:44:10:4410	error:	Error while verifying email validation link: Invalid validation link.
2023-Aug-03 18:26:12:2612	error:	Error while signing up user:  User validation failed: userId: Path `userId` is required.
2023-Aug-03 18:26:20:2620	error:	Error while signing up user:  User validation failed: userId: Path `userId` is required.
2023-Aug-03 18:27:14:2714	error:	Error RRwhile signing up user:  User validation failed: userId: Path `userId` is required.
2023-Aug-03 19:17:48:1748	error:	Error while signing up user:  User validation failed: userId: Path `userId` is required.
2023-Aug-03 19:18:21:1821	error:	Error while signing up user:  User validation failed: userId: Path `userId` is required.
2023-Aug-03 19:18:45:1845	error:	Error while signing up user:  User validation failed: userId: Path `userId` is required.
2023-Aug-03 23:35:30:3530	error:	Error sending verification email: Cannot read properties of undefined (reading 'error')
2023-Aug-03 23:38:20:3820	error:	Error sending verification email: Cannot read properties of undefined (reading 'error')
2023-Aug-03 23:39:17:3917	error:	Error sending verification email: Cannot read properties of undefined (reading 'error')
2023-Aug-03 23:40:21:4021	error:	Error sending verification email: Cannot read properties of undefined (reading 'error')
2023-Aug-03 23:40:59:4059	error:	Error sending verification email: error is not defined
2023-Aug-03 23:42:38:4238	error:	Error while sending an email: Error: API calls in strict mode, but no private key was passed
2023-Aug-03 23:42:38:4238	error:	Error sending verification email: error is not defined
2023-Aug-03 23:45:32:4532	error:	Error while sending an email: Error: API calls in strict mode, but no private key was passed
2023-Aug-03 23:45:32:4532	error:	Error while sending verification email: 
2023-Aug-03 23:46:53:4653	error:	Error while sending an email: Error: API calls in strict mode, but no private key was passed
2023-Aug-03 23:46:53:4653	error:	Error while sending verification email: 
2023-Aug-03 23:48:10:4810	error:	Error while sending an email: Error: API calls in strict mode, but no private key was passed
2023-Aug-03 23:48:10:4810	error:	Error while sending verification email: 
2023-Aug-03 23:49:24:4924	error:	Error while sending an email: Error: API calls in strict mode, but no private key was passed
2023-Aug-03 23:49:24:4924	error:	Error While sending verification email: 
2023-Aug-03 23:50:35:5035	error:	Error while sending an email: Error: API calls in strict mode, but no private key was passed
2023-Aug-03 23:50:35:5035	error:	Error while sending verification email: error
2023-Aug-03 23:59:39:5939	error:	Error while sending an email: Error: API calls in strict mode, but no private key was passed
2023-Aug-03 23:59:39:5939	error:	Error while sending verification email:  API calls in strict mode, but no private key was passed
2023-Aug-04 00:01:20:120	error:	Error sending verification email: Cannot read properties of undefined (reading 'status')
2023-Aug-04 00:02:16:216	error:	Error while sending an email: Error: API calls in strict mode, but no private key was passed
2023-Aug-04 00:02:16:216	error:	Error while sending verification email:  API calls in strict mode, but no private key was passed
2023-Aug-04 00:03:18:318	error:	Error while sending an email: API calls in strict mode, but no private key was passed
2023-Aug-04 00:03:18:318	error:	Error while sending verification email:  API calls in strict mode, but no private key was passed
2023-Aug-04 00:04:28:428	error:	Error while sending an email: API calls in strict mode, but no private key was passed
2023-Aug-04 00:04:28:428	error:	Error while sending verification email: 
2023-Aug-04 00:05:19:519	error:	Error while sending an email: API calls in strict mode, but no private key was passed
2023-Aug-04 00:05:19:519	error:	Error while sending verification email: 
2023-Aug-04 00:05:53:553	error:	Error while sending an email: API calls in strict mode, but no private key was passed
2023-Aug-04 00:05:53:553	error:	Error while sending verification email:  API calls in strict mode, but no private key was passed
2023-Aug-04 00:06:41:641	error:	Error while sending an email: API calls in strict mode, but no private key was passed
2023-Aug-04 00:06:41:641	error:	Error while sending verification email:  API calls in strict mode, but no private key was passed
2023-Aug-04 00:22:50:2250	error:	Error while sending an email: API calls in strict mode, but no private key was passed
2023-Aug-04 00:22:50:2250	error:	Error while sending verification email: 
2023-Aug-04 00:23:57:2357	error:	Error while sending an email: API calls in strict mode, but no private key was passed
2023-Aug-04 00:23:57:2357	error:	Error while sending verification email:  API calls in strict mode, but no private key was passed
2023-Aug-04 00:25:49:2549	error:	Error while sending an email: API calls in strict mode, but no private key was passed
2023-Aug-04 00:25:49:2549	error:	Error while sending verification email: API calls in strict mode, but no private key was passed
2023-Aug-04 00:28:11:2811	error:	Error sending verification email: emailrId is not defined
2023-Aug-04 00:28:49:2849	error:	Error Wending verification email: emailrId is not defined
2023-Aug-04 00:29:57:2957	error:	Error Wending verification email: emailrId is not defined
2023-Aug-04 00:33:53:3353	error:	Error while sending an email: API calls in strict mode, but no private key was passed
2023-Aug-04 00:33:53:3353	error:	Error while sending verification email: API calls in strict mode, but no private key was passed ---- API calls in strict mode, but no private key was passed
2023-Aug-04 22:55:37:5537	error:	Error while verifying email validation link:  Invalid validation link 1.
2023-Aug-04 22:56:55:5655	error:	Error while verifying email validation link:  Malformed UTF-8 data
2023-Aug-04 22:57:22:5722	error:	Error while verifying email validation link:  Malformed UTF-8 data
2023-Aug-04 22:58:44:5844	error:	Error while verifying email validation link:  Malformed UTF-8 data
2023-Aug-04 22:58:47:5847	error:	Error while verifying email validation link:  Invalid validation link.
2023-Aug-04 22:59:05:595	error:	Error while verifying email validation link:  Invalid validation link.
2023-Aug-04 22:59:08:598	error:	Error while verifying email validation link:  Invalid validation link.
2023-Aug-04 22:59:09:599	error:	Error while verifying email validation link:  Invalid validation link.
2023-Aug-04 22:59:09:599	error:	Error while verifying email validation link:  Invalid validation link.
2023-Aug-04 22:59:29:5929	error:	Error while verifying email validation link:  Malformed UTF-8 data
2023-Aug-04 22:59:47:5947	error:	Error while verifying email validation link:  Malformed UTF-8 data
2023-Aug-04 22:59:59:5959	error:	Error while verifying email validation link:  Invalid validation link.
2023-Aug-04 23:00:17:017	error:	Error while verifying email validation link:  Invalid validation link.
2023-Aug-04 23:11:31:1131	error:	Error while verifying email validation link:  Verification link expired.
2023-Aug-04 23:12:37:1237	error:	Error while verifying email validation link: email already verified.
2023-Aug-04 23:13:04:134	error:	Error while verifying email validation link: Email already verified.
2023-Aug-04 23:15:27:1527	error:	Error while verifying email validation link: Email already verified.
2023-Aug-04 23:20:22:2022	error:	Error while verifying the email validation link: Email already verified.
